<?xml version="1.0" encoding="UTF-8"?>
<!-- Generated by org.testng.reporters.JUnitXMLReporter -->
<testsuite ignored="0" hostname="Dinas-MacBook-Air.local" failures="0" tests="5" name="APIsFramework" time="11.894" errors="0" timestamp="2021-11-05T19:53:27 EET">
  <testcase classname="APIsTesting" name="checkUsersStatusCode" time="4.187"/>
  <testcase classname="APIsTesting" name="searchByUserName" time="1.188"/>
  <testcase classname="APIsTesting" name="searchCommentsOnPost" time="5.639"/>
  <testcase classname="APIsTesting" name="searchPostsByUserID" time="0.491"/>
  <testcase classname="APIsTesting" name="verifySearchByUsername" time="0.334"/>
</testsuite> <!-- APIsFramework -->
