<?xml version="1.0" encoding="UTF-8"?>
<testng-results ignored="0" total="5" passed="5" failed="0" skipped="0">
  <reporter-output>
  </reporter-output>
  <suite started-at="2021-11-05T19:53:10 EET" name="Default Suite" finished-at="2021-11-05T19:53:22 EET" duration-ms="11894">
    <groups>
    </groups>
    <test started-at="2021-11-05T19:53:10 EET" name="APIsFramework" finished-at="2021-11-05T19:53:22 EET" duration-ms="11894">
      <class name="APIsTesting">
        <test-method signature="checkUsersStatusCode()[pri:0, instance:APIsTesting@76505305]" started-at="2021-11-05T19:53:10 EET" name="checkUsersStatusCode" finished-at="2021-11-05T19:53:14 EET" duration-ms="4187" status="PASS">
          <reporter-output>
          </reporter-output>
        </test-method> <!-- checkUsersStatusCode -->
        <test-method signature="searchByUserName()[pri:0, instance:APIsTesting@76505305]" started-at="2021-11-05T19:53:14 EET" name="searchByUserName" finished-at="2021-11-05T19:53:15 EET" duration-ms="1188" status="PASS">
          <reporter-output>
          </reporter-output>
        </test-method> <!-- searchByUserName -->
        <test-method signature="searchCommentsOnPost()[pri:0, instance:APIsTesting@76505305]" started-at="2021-11-05T19:53:15 EET" name="searchCommentsOnPost" finished-at="2021-11-05T19:53:21 EET" duration-ms="5639" status="PASS">
          <reporter-output>
          </reporter-output>
        </test-method> <!-- searchCommentsOnPost -->
        <test-method signature="searchPostsByUserID()[pri:0, instance:APIsTesting@76505305]" started-at="2021-11-05T19:53:21 EET" name="searchPostsByUserID" finished-at="2021-11-05T19:53:22 EET" duration-ms="491" status="PASS">
          <reporter-output>
          </reporter-output>
        </test-method> <!-- searchPostsByUserID -->
        <test-method signature="verifySearchByUsername()[pri:0, instance:APIsTesting@76505305]" started-at="2021-11-05T19:53:22 EET" name="verifySearchByUsername" finished-at="2021-11-05T19:53:22 EET" duration-ms="334" status="PASS">
          <reporter-output>
          </reporter-output>
        </test-method> <!-- verifySearchByUsername -->
      </class> <!-- APIsTesting -->
    </test> <!-- APIsFramework -->
  </suite> <!-- Default Suite -->
</testng-results>
